#
# A fatal error has been detected by the Java Runtime Environment:
#
#  SIGBUS (0xa) at pc=0x00007fff748a29be, pid=714, tid=0x000000000000aea3
#
# JRE version: Java(TM) SE Runtime Environment (8.0_172-b11) (build 1.8.0_172-b11)
# Java VM: Java HotSpot(TM) 64-Bit Server VM (25.172-b11 mixed mode bsd-amd64 compressed oops)
# Problematic frame:
# 
[error occurred during error reporting (printing problematic frame), id 0xa]

# Failed to write core dump. Core dumps have been disabled. To enable core dumping, try "ulimit -c unlimited" before starting Java again
#
# If you would like to submit a bug report, please visit:
#   http://bugreport.java.com/bugreport/crash.jsp
#

---------------  T H R E A D  ---------------

Current thread is native thread

siginfo: si_signo: 10 (SIGBUS), si_code: 2 (BUS_ADRERR), si_addr: 0x00007f81cb7fa022

Registers:
RAX=0x00000000000000f1, RBX=0x00007f81cb220200, RCX=0x00000000520dc806, RDX=0x0000000000002202
RSP=0x0000700008aa83d0, RBP=0x0000700008aa8420, RSI=0x00007f81cb7f7e00, RDI=0x000000010ad01380
R8 =0x00007f81cb258e00, R9 =0x0000000000008001, R10=0x00007f81cb000000, R11=0x00007f81cd6c2800
R12=0x00007f81cb000000, R13=0x0000000000000001, R14=0x000000010ad01380, R15=0x0000000000000040
RIP=0x00007fff748a29be, EFLAGS=0x0000000000010202, ERR=0x0000000000000004
  TRAPNO=0x000000000000000e

Top of Stack: (sp=0x0000700008aa83d0)
0x0000700008aa83d0:   0000700008aa8480 000000010ad09000
0x0000700008aa83e0:   000000010ad01380 00007f81cb7f7e00
0x0000700008aa83f0:   000000c70ad09a00 00007f81cb000000
0x0000700008aa8400:   000000010ad01380 000000010ad09000
0x0000700008aa8410:   000000010ad09a00 0000000000000010
0x0000700008aa8420:   0000700008aa84b0 00007fff748a9456
0x0000700008aa8430:   fd00000070001000 000000000000ffff
0x0000700008aa8440:   00007f81cb7f7e00 000000010ad00000
0x0000700008aa8450:   0000001000000001 000000010ad0a268
0x0000700008aa8460:   000000010ad09a04 000000010ad09a00
0x0000700008aa8470:   0000000000000000 000000010ad09a00
0x0000700008aa8480:   0000000000000000 0000000000000010
0x0000700008aa8490:   00007fffa7717000 0000000000001000
0x0000700008aa84a0:   0000000000001000 000000010ad00000
0x0000700008aa84b0:   0000700008aa8530 00007fff748a8d82
0x0000700008aa84c0:   00007fff00000000 0000000000000000
0x0000700008aa84d0:   0000000080888000 000000010ad01380
0x0000700008aa84e0:   0000b54f00000000 0000700008aa8528
0x0000700008aa84f0:   00007f81cbfb7700 0000000000000002
0x0000700008aa8500:   00007f81cbfef4c0 0000000000000000
0x0000700008aa8510:   00007fffa7717000 0000000000000002
0x0000700008aa8520:   0000000000001000 0000000000001000
0x0000700008aa8530:   0000700008aa8560 00007fff748a0c98
0x0000700008aa8540:   00007fffa7726050 00007f81c955cc90
0x0000700008aa8550:   0000000000000000 00007f81c955d301
0x0000700008aa8560:   0000700008aa8590 00007fff73618767
0x0000700008aa8570:   00007fffa75020dd 00007fffa7726050
0x0000700008aa8580:   00007fffa7726050 00007f81c955d354
0x0000700008aa8590:   0000700008aa85f0 00007fff49a8d456
0x0000700008aa85a0:   0000000000000000 00007f81cbfef518
0x0000700008aa85b0:   00000000c955d300 00007f81c955d300
0x0000700008aa85c0:   00007f81c955d318 00007f81c955d300 

Instructions: (pc=0x00007fff748a29be)
0x00007fff748a299e:   89 de 48 81 c6 00 7e 7f 00 31 c0 48 89 75 c8 4c
0x00007fff748a29ae:   8b 75 c0 48 89 da 48 c1 ea 08 81 e2 fe 7f 00 00
0x00007fff748a29be:   41 0f b7 94 14 20 7e 7f 00 41 89 d7 66 41 81 e7
0x00007fff748a29ce:   ff 7f 74 47 66 85 d2 78 04 ff c0 eb 2e 45 0f b7 

Register to memory mapping:

RAX=
[error occurred during error reporting (printing register info), id 0xa]

Stack: [0x0000700008a29000,0x0000700008aa9000],  sp=0x0000700008aa83d0,  free space=508k
Native frames: (J=compiled Java code, j=interpreted, Vv=VM code, C=native code)

[error occurred during error reporting (printing native stack), id 0xa]


---------------  P R O C E S S  ---------------

VM state:not at safepoint (normal execution)

VM Mutex/Monitor currently owned by a thread: None

Heap:
 garbage-first heap   total 131072K, used 52999K [0x0000000780000000, 0x0000000780100400, 0x00000007c0000000)
  region size 1024K, 13 young (13312K), 1 survivors (1024K)
 Metaspace       used 65485K, capacity 68468K, committed 69400K, reserved 1110016K
  class space    used 7448K, capacity 8504K, committed 8728K, reserved 1048576K

Heap Regions: (Y=young(eden), SU=young(survivor), HS=humongous(starts), HC=humongous(continues), CS=collection set, F=free, TS=gc time stamp, PTAMS=previous top-at-mark-start, NTAMS=next top-at-mark-start)
AC   0  F    TS     0 PTAMS 0x0000000780000000 NTAMS 0x0000000780000000 space 1024K,   0% used [0x0000000780000000, 0x0000000780100000)
AC   0  O    TS     0 PTAMS 0x0000000780200000 NTAMS 0x0000000780200000 space 1024K, 100% used [0x0000000780100000, 0x0000000780200000)
AC   0  F    TS     0 PTAMS 0x0000000780200000 NTAMS 0x0000000780200000 space 1024K,   0% used [0x0000000780200000, 0x0000000780300000)
AC   0  O    TS     0 PTAMS 0x0000000780400000 NTAMS 0x0000000780400000 space 1024K, 100% used [0x0000000780300000, 0x0000000780400000)
AC   0  O    TS     0 PTAMS 0x0000000780500000 NTAMS 0x0000000780500000 space 1024K, 100% used [0x0000000780400000, 0x0000000780500000)
AC   0  O    TS     0 PTAMS 0x0000000780600000 NTAMS 0x0000000780600000 space 1024K, 100% used [0x0000000780500000, 0x0000000780600000)
AC   0  O    TS     7 PTAMS 0x0000000780600000 NTAMS 0x0000000780600000 space 1024K, 100% used [0x0000000780600000, 0x0000000780700000)
AC   0  O    TS     7 PTAMS 0x0000000780700000 NTAMS 0x0000000780700000 space 1024K, 100% used [0x0000000780700000, 0x0000000780800000)
AC   0  O    TS     0 PTAMS 0x0000000780900000 NTAMS 0x0000000780900000 space 1024K, 100% used [0x0000000780800000, 0x0000000780900000)
AC   0  O    TS     0 PTAMS 0x0000000780a00000 NTAMS 0x0000000780a00000 space 1024K, 100% used [0x0000000780900000, 0x0000000780a00000)
AC   0  O    TS     7 PTAMS 0x0000000780a00000 NTAMS 0x0000000780a00000 space 1024K, 100% used [0x0000000780a00000, 0x0000000780b00000)
AC   0  O    TS     5 PTAMS 0x0000000780b00000 NTAMS 0x0000000780b00000 space 1024K, 100% used [0x0000000780b00000, 0x0000000780c00000)
AC   0  O    TS     5 PTAMS 0x0000000780c00000 NTAMS 0x0000000780c00000 space 1024K, 100% used [0x0000000780c00000, 0x0000000780d00000)
AC   0  O    TS     5 PTAMS 0x0000000780d00000 NTAMS 0x0000000780d00000 space 1024K, 100% used [0x0000000780d00000, 0x0000000780e00000)
AC   0  O    TS     7 PTAMS 0x0000000780e00000 NTAMS 0x0000000780e00000 space 1024K, 100% used [0x0000000780e00000, 0x0000000780f00000)
AC   0  O    TS     9 PTAMS 0x0000000780f00000 NTAMS 0x0000000780f00000 space 1024K, 100% used [0x0000000780f00000, 0x0000000781000000)
AC   0  O    TS     0 PTAMS 0x0000000781100000 NTAMS 0x0000000781100000 space 1024K, 100% used [0x0000000781000000, 0x0000000781100000)
AC   0  O    TS     0 PTAMS 0x0000000781200000 NTAMS 0x0000000781200000 space 1024K, 100% used [0x0000000781100000, 0x0000000781200000)
AC   0  O    TS     9 PTAMS 0x0000000781200000 NTAMS 0x0000000781200000 space 1024K, 100% used [0x0000000781200000, 0x0000000781300000)
AC   0  O    TS     9 PTAMS 0x0000000781300000 NTAMS 0x0000000781300000 space 1024K, 100% used [0x0000000781300000, 0x0000000781400000)
AC   0  O    TS     0 PTAMS 0x0000000781500000 NTAMS 0x0000000781500000 space 1024K, 100% used [0x0000000781400000, 0x0000000781500000)
AC   0  O    TS     0 PTAMS 0x0000000781600000 NTAMS 0x0000000781600000 space 1024K, 100% used [0x0000000781500000, 0x0000000781600000)
AC   0  O    TS     0 PTAMS 0x0000000781700000 NTAMS 0x0000000781700000 space 1024K, 100% used [0x0000000781600000, 0x0000000781700000)
AC   0  O    TS     0 PTAMS 0x0000000781800000 NTAMS 0x0000000781800000 space 1024K, 100% used [0x0000000781700000, 0x0000000781800000)
AC   0  F    TS     0 PTAMS 0x0000000781800000 NTAMS 0x0000000781800000 space 1024K,   0% used [0x0000000781800000, 0x0000000781900000)
AC   0  F    TS     0 PTAMS 0x0000000781900000 NTAMS 0x0000000781900000 space 1024K,   0% used [0x0000000781900000, 0x0000000781a00000)
AC   0  F    TS     0 PTAMS 0x0000000781a00000 NTAMS 0x0000000781a00000 space 1024K,   0% used [0x0000000781a00000, 0x0000000781b00000)
AC   0  F    TS     0 PTAMS 0x0000000781b00000 NTAMS 0x0000000781b00000 space 1024K,   0% used [0x0000000781b00000, 0x0000000781c00000)
AC   0  O    TS     0 PTAMS 0x0000000781d00000 NTAMS 0x0000000781d00000 space 1024K, 100% used [0x0000000781c00000, 0x0000000781d00000)
AC   0 HS    TS     0 PTAMS 0x0000000781d80010 NTAMS 0x0000000781d80010 space 1024K,  50% used [0x0000000781d00000, 0x0000000781e00000)
AC   0  O    TS     0 PTAMS 0x0000000781f00000 NTAMS 0x0000000781f00000 space 1024K, 100% used [0x0000000781e00000, 0x0000000781f00000)
AC   0  O    TS     0 PTAMS 0x0000000782000000 NTAMS 0x0000000782000000 space 1024K, 100% used [0x0000000781f00000, 0x0000000782000000)
AC   0  O    TS     0 PTAMS 0x0000000782100000 NTAMS 0x0000000782100000 space 1024K, 100% used [0x0000000782000000, 0x0000000782100000)
AC   0  O    TS     0 PTAMS 0x0000000782200000 NTAMS 0x0000000782200000 space 1024K, 100% used [0x0000000782100000, 0x0000000782200000)
AC   0  O    TS     0 PTAMS 0x0000000782300000 NTAMS 0x0000000782300000 space 1024K, 100% used [0x0000000782200000, 0x0000000782300000)
AC   0  O    TS     0 PTAMS 0x0000000782400000 NTAMS 0x0000000782400000 space 1024K, 100% used [0x0000000782300000, 0x0000000782400000)
AC   0  O    TS     0 PTAMS 0x0000000782500000 NTAMS 0x0000000782500000 space 1024K, 100% used [0x0000000782400000, 0x0000000782500000)
AC   0  O    TS     0 PTAMS 0x0000000782600000 NTAMS 0x0000000782600000 space 1024K, 100% used [0x0000000782500000, 0x0000000782600000)
AC   0  F    TS     0 PTAMS 0x0000000782600000 NTAMS 0x0000000782600000 space 1024K,   0% used [0x0000000782600000, 0x0000000782700000)
AC   0  F    TS     0 PTAMS 0x0000000782700000 NTAMS 0x0000000782700000 space 1024K,   0% used [0x0000000782700000, 0x0000000782800000)
AC   0  F    TS     0 PTAMS 0x0000000782800000 NTAMS 0x0000000782800000 space 1024K,   0% used [0x0000000782800000, 0x0000000782900000)
AC   0  O    TS     0 PTAMS 0x0000000782a00000 NTAMS 0x0000000782a00000 space 1024K, 100% used [0x0000000782900000, 0x0000000782a00000)
AC   0  O    TS     0 PTAMS 0x0000000782b00000 NTAMS 0x0000000782b00000 space 1024K, 100% used [0x0000000782a00000, 0x0000000782b00000)
AC   0  F    TS     0 PTAMS 0x0000000782b00000 NTAMS 0x0000000782b00000 space 1024K,   0% used [0x0000000782b00000, 0x0000000782c00000)
AC   0  F    TS     0 PTAMS 0x0000000782c00000 NTAMS 0x0000000782c00000 space 1024K,   0% used [0x0000000782c00000, 0x0000000782d00000)
AC   0  O    TS     0 PTAMS 0x0000000782e00000 NTAMS 0x0000000782e00000 space 1024K, 100% used [0x0000000782d00000, 0x0000000782e00000)
AC   0  F    TS     0 PTAMS 0x0000000782e00000 NTAMS 0x0000000782e00000 space 1024K,   0% used [0x0000000782e00000, 0x0000000782f00000)
AC   0  F    TS     0 PTAMS 0x0000000782f00000 NTAMS 0x0000000782f00000 space 1024K,   0% used [0x0000000782f00000, 0x0000000783000000)
AC   0  F    TS     0 PTAMS 0x0000000783000000 NTAMS 0x0000000783000000 space 1024K,   0% used [0x0000000783000000, 0x0000000783100000)
AC   0  F    TS     0 PTAMS 0x0000000783100000 NTAMS 0x0000000783100000 space 1024K,   0% used [0x0000000783100000, 0x0000000783200000)
AC   0  O    TS     0 PTAMS 0x0000000783300000 NTAMS 0x0000000783300000 space 1024K, 100% used [0x0000000783200000, 0x0000000783300000)
AC   0  O    TS     0 PTAMS 0x0000000783400000 NTAMS 0x0000000783400000 space 1024K, 100% used [0x0000000783300000, 0x0000000783400000)
AC   0  O    TS     0 PTAMS 0x0000000783500000 NTAMS 0x0000000783500000 space 1024K, 100% used [0x0000000783400000, 0x0000000783500000)
AC   0  O    TS     0 PTAMS 0x0000000783600000 NTAMS 0x0000000783600000 space 1024K, 100% used [0x0000000783500000, 0x0000000783600000)
AC   0  F    TS     0 PTAMS 0x0000000783600000 NTAMS 0x0000000783600000 space 1024K,   0% used [0x0000000783600000, 0x0000000783700000)
AC   0  F    TS     0 PTAMS 0x0000000783700000 NTAMS 0x0000000783700000 space 1024K,   0% used [0x0000000783700000, 0x0000000783800000)
AC   0  O    TS     0 PTAMS 0x0000000783900000 NTAMS 0x0000000783900000 space 1024K, 100% used [0x0000000783800000, 0x0000000783900000)
AC   0  O    TS     3 PTAMS 0x0000000783919800 NTAMS 0x0000000783919800 space 1024K, 100% used [0x0000000783900000, 0x0000000783a00000)
AC   0  F    TS     0 PTAMS 0x0000000783a00000 NTAMS 0x0000000783a00000 space 1024K,   0% used [0x0000000783a00000, 0x0000000783b00000)
AC   0  F    TS     0 PTAMS 0x0000000783b00000 NTAMS 0x0000000783b00000 space 1024K,   0% used [0x0000000783b00000, 0x0000000783c00000)
AC   0  F    TS     0 PTAMS 0x0000000783c00000 NTAMS 0x0000000783c00000 space 1024K,   0% used [0x0000000783c00000, 0x0000000783d00000)
AC   0  F    TS     0 PTAMS 0x0000000783d00000 NTAMS 0x0000000783d00000 space 1024K,   0% used [0x0000000783d00000, 0x0000000783e00000)
AC   0  F    TS     0 PTAMS 0x0000000783e00000 NTAMS 0x0000000783e00000 space 1024K,   0% used [0x0000000783e00000, 0x0000000783f00000)
AC   0  F    TS     0 PTAMS 0x0000000783f00000 NTAMS 0x0000000783f00000 space 1024K,   0% used [0x0000000783f00000, 0x0000000784000000)
AC   0  F    TS     0 PTAMS 0x0000000784000000 NTAMS 0x0000000784000000 space 1024K,   0% used [0x0000000784000000, 0x0000000784100000)
AC   0  F    TS     0 PTAMS 0x0000000784100000 NTAMS 0x0000000784100000 space 1024K,   0% used [0x0000000784100000, 0x0000000784200000)
AC   0  F    TS     0 PTAMS 0x0000000784200000 NTAMS 0x0000000784200000 space 1024K,   0% used [0x0000000784200000, 0x0000000784300000)
AC   0  F    TS     0 PTAMS 0x0000000784300000 NTAMS 0x0000000784300000 space 1024K,   0% used [0x0000000784300000, 0x0000000784400000)
AC   0  F    TS     0 PTAMS 0x0000000784400000 NTAMS 0x0000000784400000 space 1024K,   0% used [0x0000000784400000, 0x0000000784500000)
AC   0  F    TS     0 PTAMS 0x0000000784500000 NTAMS 0x0000000784500000 space 1024K,   0% used [0x0000000784500000, 0x0000000784600000)
AC   0  F    TS     0 PTAMS 0x0000000784600000 NTAMS 0x0000000784600000 space 1024K,   0% used [0x0000000784600000, 0x0000000784700000)
AC   0  F    TS     0 PTAMS 0x0000000784700000 NTAMS 0x0000000784700000 space 1024K,   0% used [0x0000000784700000, 0x0000000784800000)
AC   0  F    TS     0 PTAMS 0x0000000784800000 NTAMS 0x0000000784800000 space 1024K,   0% used [0x0000000784800000, 0x0000000784900000)
AC   0  F    TS     0 PTAMS 0x0000000784900000 NTAMS 0x0000000784900000 space 1024K,   0% used [0x0000000784900000, 0x0000000784a00000)
AC   0  F    TS     0 PTAMS 0x0000000784a00000 NTAMS 0x0000000784a00000 space 1024K,   0% used [0x0000000784a00000, 0x0000000784b00000)
AC   0  F    TS    15 PTAMS 0x0000000784b00000 NTAMS 0x0000000784b00000 space 1024K,   0% used [0x0000000784b00000, 0x0000000784c00000)
AC   0  F    TS     0 PTAMS 0x0000000784c00000 NTAMS 0x0000000784c00000 space 1024K,   0% used [0x0000000784c00000, 0x0000000784d00000)
AC   0  F    TS     0 PTAMS 0x0000000784d00000 NTAMS 0x0000000784d00000 space 1024K,   0% used [0x0000000784d00000, 0x0000000784e00000)
AC   0  F    TS     0 PTAMS 0x0000000784e00000 NTAMS 0x0000000784e00000 space 1024K,   0% used [0x0000000784e00000, 0x0000000784f00000)
AC   0  F    TS     0 PTAMS 0x0000000784f00000 NTAMS 0x0000000784f00000 space 1024K,   0% used [0x0000000784f00000, 0x0000000785000000)
AC   0  F    TS     0 PTAMS 0x0000000785000000 NTAMS 0x0000000785000000 space 1024K,   0% used [0x0000000785000000, 0x0000000785100000)
AC   0  F    TS     0 PTAMS 0x0000000785100000 NTAMS 0x0000000785100000 space 1024K,   0% used [0x0000000785100000, 0x0000000785200000)
AC   0  F    TS     0 PTAMS 0x0000000785200000 NTAMS 0x0000000785200000 space 1024K,   0% used [0x0000000785200000, 0x0000000785300000)
AC   0  F    TS     0 PTAMS 0x0000000785300000 NTAMS 0x0000000785300000 space 1024K,   0% used [0x0000000785300000, 0x0000000785400000)
AC   0  F    TS     0 PTAMS 0x0000000785400000 NTAMS 0x0000000785400000 space 1024K,   0% used [0x0000000785400000, 0x0000000785500000)
AC   0  F    TS     0 PTAMS 0x0000000785500000 NTAMS 0x0000000785500000 space 1024K,   0% used [0x0000000785500000, 0x0000000785600000)
AC   0  F    TS     0 PTAMS 0x0000000785600000 NTAMS 0x0000000785600000 space 1024K,   0% used [0x0000000785600000, 0x0000000785700000)
AC   0  F    TS     0 PTAMS 0x0000000785700000 NTAMS 0x0000000785700000 space 1024K,   0% used [0x0000000785700000, 0x0000000785800000)
AC   0  F    TS     0 PTAMS 0x0000000785800000 NTAMS 0x0000000785800000 space 1024K,   0% used [0x0000000785800000, 0x0000000785900000)
AC   0  F    TS     0 PTAMS 0x0000000785900000 NTAMS 0x0000000785900000 space 1024K,   0% used [0x0000000785900000, 0x0000000785a00000)
AC   0  F    TS     0 PTAMS 0x0000000785a00000 NTAMS 0x0000000785a00000 space 1024K,   0% used [0x0000000785a00000, 0x0000000785b00000)
AC   0  F    TS     0 PTAMS 0x0000000785b00000 NTAMS 0x0000000785b00000 space 1024K,   0% used [0x0000000785b00000, 0x0000000785c00000)
AC   0  F    TS     0 PTAMS 0x0000000785c00000 NTAMS 0x0000000785c00000 space 1024K,   0% used [0x0000000785c00000, 0x0000000785d00000)
AC   0  F    TS     0 PTAMS 0x0000000785d00000 NTAMS 0x0000000785d00000 space 1024K,   0% used [0x0000000785d00000, 0x0000000785e00000)
AC   0  F    TS     0 PTAMS 0x0000000785e00000 NTAMS 0x0000000785e00000 space 1024K,   0% used [0x0000000785e00000, 0x0000000785f00000)
AC   0  F    TS     0 PTAMS 0x0000000785f00000 NTAMS 0x0000000785f00000 space 1024K,   0% used [0x0000000785f00000, 0x0000000786000000)
AC   0  F    TS     0 PTAMS 0x0000000786000000 NTAMS 0x0000000786000000 space 1024K,   0% used [0x0000000786000000, 0x0000000786100000)
AC   0  F    TS    13 PTAMS 0x0000000786100000 NTAMS 0x0000000786100000 space 1024K,   0% used [0x0000000786100000, 0x0000000786200000)
AC   0  F    TS     0 PTAMS 0x0000000786200000 NTAMS 0x0000000786200000 space 1024K,   0% used [0x0000000786200000, 0x0000000786300000)
AC   0  F    TS     0 PTAMS 0x0000000786300000 NTAMS 0x0000000786300000 space 1024K,   0% used [0x0000000786300000, 0x0000000786400000)
AC   0  F    TS     1 PTAMS 0x0000000786400000 NTAMS 0x0000000786400000 space 1024K,   0% used [0x0000000786400000, 0x0000000786500000)
AC   0  F    TS     1 PTAMS 0x0000000786500000 NTAMS 0x0000000786500000 space 1024K,   0% used [0x0000000786500000, 0x0000000786600000)
AC   0  F    TS     0 PTAMS 0x0000000786600000 NTAMS 0x0000000786600000 space 1024K,   0% used [0x0000000786600000, 0x0000000786700000)
AC   0  F    TS     0 PTAMS 0x0000000786700000 NTAMS 0x0000000786700000 space 1024K,   0% used [0x0000000786700000, 0x0000000786800000)
AC   0  F    TS     0 PTAMS 0x0000000786800000 NTAMS 0x0000000786800000 space 1024K,   0% used [0x0000000786800000, 0x0000000786900000)
AC   0  F    TS     0 PTAMS 0x0000000786900000 NTAMS 0x0000000786900000 space 1024K,   0% used [0x0000000786900000, 0x0000000786a00000)
AC   0  F    TS     0 PTAMS 0x0000000786a00000 NTAMS 0x0000000786a00000 space 1024K,   0% used [0x0000000786a00000, 0x0000000786b00000)
AC   0  F    TS    11 PTAMS 0x0000000786b00000 NTAMS 0x0000000786b00000 space 1024K,   0% used [0x0000000786b00000, 0x0000000786c00000)
AC   0  F    TS     0 PTAMS 0x0000000786c00000 NTAMS 0x0000000786c00000 space 1024K,   0% used [0x0000000786c00000, 0x0000000786d00000)
AC   0  F    TS     0 PTAMS 0x0000000786d00000 NTAMS 0x0000000786d00000 space 1024K,   0% used [0x0000000786d00000, 0x0000000786e00000)
AC   0  F    TS     0 PTAMS 0x0000000786e00000 NTAMS 0x0000000786e00000 space 1024K,   0% used [0x0000000786e00000, 0x0000000786f00000)
AC   0  F    TS     0 PTAMS 0x0000000786f00000 NTAMS 0x0000000786f00000 space 1024K,   0% used [0x0000000786f00000, 0x0000000787000000)
AC   0  F    TS     0 PTAMS 0x0000000787000000 NTAMS 0x0000000787000000 space 1024K,   0% used [0x0000000787000000, 0x0000000787100000)
AC   0  F    TS     0 PTAMS 0x0000000787100000 NTAMS 0x0000000787100000 space 1024K,   0% used [0x0000000787100000, 0x0000000787200000)
AC   0  F    TS     0 PTAMS 0x0000000787200000 NTAMS 0x0000000787200000 space 1024K,   0% used [0x0000000787200000, 0x0000000787300000)
AC   0  E    TS     0 PTAMS 0x0000000787300000 NTAMS 0x0000000787300000 space 1024K,  32% used [0x0000000787300000, 0x0000000787400000)
AC   0  E CS TS     0 PTAMS 0x0000000787400000 NTAMS 0x0000000787400000 space 1024K, 100% used [0x0000000787400000, 0x0000000787500000)
AC   0  E CS TS     0 PTAMS 0x0000000787500000 NTAMS 0x0000000787500000 space 1024K, 100% used [0x0000000787500000, 0x0000000787600000)
AC   0  E CS TS     0 PTAMS 0x0000000787600000 NTAMS 0x0000000787600000 space 1024K, 100% used [0x0000000787600000, 0x0000000787700000)
AC   0  E CS TS     0 PTAMS 0x0000000787700000 NTAMS 0x0000000787700000 space 1024K, 100% used [0x0000000787700000, 0x0000000787800000)
AC   0  E CS TS     0 PTAMS 0x0000000787800000 NTAMS 0x0000000787800000 space 1024K, 100% used [0x0000000787800000, 0x0000000787900000)
AC   0  S CS TS    19 PTAMS 0x0000000787900000 NTAMS 0x0000000787900000 space 1024K,  25% used [0x0000000787900000, 0x0000000787a00000)
AC   0  E CS TS    17 PTAMS 0x0000000787a00000 NTAMS 0x0000000787a00000 space 1024K, 100% used [0x0000000787a00000, 0x0000000787b00000)
AC   0  E CS TS     3 PTAMS 0x0000000787b00000 NTAMS 0x0000000787b00000 space 1024K, 100% used [0x0000000787b00000, 0x0000000787c00000)
AC   0  E CS TS     0 PTAMS 0x0000000787c00000 NTAMS 0x0000000787c00000 space 1024K, 100% used [0x0000000787c00000, 0x0000000787d00000)
AC   0  E CS TS     0 PTAMS 0x0000000787d00000 NTAMS 0x0000000787d00000 space 1024K, 100% used [0x0000000787d00000, 0x0000000787e00000)
AC   0  E CS TS     0 PTAMS 0x0000000787e00000 NTAMS 0x0000000787e00000 space 1024K, 100% used [0x0000000787e00000, 0x0000000787f00000)
AC   0  E CS TS     0 PTAMS 0x0000000787f00000 NTAMS 0x0000000787f00000 space 1024K, 100% used [0x0000000787f00000, 0x0000000788000000)

Card table byte_map: [0x000000010d175000,0x000000010d375000] byte_map_base: 0x0000000109575000

Marking Bits (Prev, Next): (CMBitMap*) 0x00007f81ca0110e0, (CMBitMap*) 0x00007f81ca011088
 Prev Bits: [0x000000010e575000, 0x000000010f575000)
 Next Bits: [0x000000010d575000, 0x000000010e575000)

Polling page: 0x000000010ad87000

CodeCache: size=245760Kb used=30629Kb max_used=30660Kb free=215130Kb
 bounds [0x00000001167cf000, 0x00000001185ff000, 0x00000001257cf000]
 total_blobs=8888 nmethods=8267 adapters=528
 compilation: enabled

Compilation events (10 events):
Event: 28014.822 Thread 0x00007f81ca063000 10302       4       java.util.concurrent.ThreadPoolExecutor::execute (132 bytes)
Event: 28015.021 Thread 0x00007f81ca063000 nmethod 10302 0x0000000116af2190 code [0x0000000116af2320, 0x0000000116af2568]
Event: 28039.055 Thread 0x00007f81c9832800 10303       4       java.lang.UNIXProcess::initStreams (392 bytes)
Event: 28039.442 Thread 0x00007f81c9832800 nmethod 10303 0x00000001185f0290 code [0x00000001185f0580, 0x00000001185f2fa0]
Event: 30736.939 Thread 0x00007f81c9833000 10304   !   3       java.lang.ref.Finalizer$FinalizerThread::run (55 bytes)
Event: 30736.998 Thread 0x00007f81c9833000 nmethod 10304 0x0000000116ce3810 code [0x0000000116ce3a40, 0x0000000116ce46e8]
Event: 31641.130 Thread 0x00007f81c9833000 10305       3       org.eclipse.core.internal.jobs.JobManager::delayFor (94 bytes)
Event: 31641.278 Thread 0x00007f81c9833000 nmethod 10305 0x00000001172db590 code [0x00000001172db800, 0x00000001172dc928]
Event: 31941.118 Thread 0x00007f81c9833000 10306       3       org.eclipse.core.internal.jobs.JobManager::doRunNow (47 bytes)
Event: 31941.215 Thread 0x00007f81c9833000 nmethod 10306 0x0000000116b1ad10 code [0x0000000116b1aee0, 0x0000000116b1b608]

GC Heap History (10 events):
Event: 25070.509 GC heap before
{Heap before GC invocations=41 (full 0):
 garbage-first heap   total 131072K, used 61502K [0x0000000780000000, 0x0000000780100400, 0x00000007c0000000)
  region size 1024K, 20 young (20480K), 1 survivors (1024K)
 Metaspace       used 65386K, capacity 68340K, committed 69144K, reserved 1110016K
  class space    used 7447K, capacity 8504K, committed 8728K, reserved 1048576K
Event: 25070.595 GC heap after
Heap after GC invocations=42 (full 0):
 garbage-first heap   total 131072K, used 42133K [0x0000000780000000, 0x0000000780100400, 0x00000007c0000000)
  region size 1024K, 1 young (1024K), 1 survivors (1024K)
 Metaspace       used 65386K, capacity 68340K, committed 69144K, reserved 1110016K
  class space    used 7447K, capacity 8504K, committed 8728K, reserved 1048576K
}
Event: 26777.289 GC heap before
{Heap before GC invocations=42 (full 0):
 garbage-first heap   total 131072K, used 71829K [0x0000000780000000, 0x0000000780100400, 0x00000007c0000000)
  region size 1024K, 30 young (30720K), 1 survivors (1024K)
 Metaspace       used 65484K, capacity 68468K, committed 69400K, reserved 1110016K
  class space    used 7448K, capacity 8504K, committed 8728K, reserved 1048576K
Event: 26777.346 GC heap after
Heap after GC invocations=43 (full 0):
 garbage-first heap   total 131072K, used 42183K [0x0000000780000000, 0x0000000780100400, 0x00000007c0000000)
  region size 1024K, 1 young (1024K), 1 survivors (1024K)
 Metaspace       used 65484K, capacity 68468K, committed 69400K, reserved 1110016K
  class space    used 7448K, capacity 8504K, committed 8728K, reserved 1048576K
}
Event: 30735.842 GC heap before
{Heap before GC invocations=43 (full 0):
 garbage-first heap   total 131072K, used 94407K [0x0000000780000000, 0x0000000780100400, 0x00000007c0000000)
  region size 1024K, 52 young (53248K), 1 survivors (1024K)
 Metaspace       used 65485K, capacity 68468K, committed 69400K, reserved 1110016K
  class space    used 7448K, capacity 8504K, committed 8728K, reserved 1048576K
Event: 30736.928 GC heap after
Heap after GC invocations=44 (full 0):
 garbage-first heap   total 131072K, used 42390K [0x0000000780000000, 0x0000000780100400, 0x00000007c0000000)
  region size 1024K, 1 young (1024K), 1 survivors (1024K)
 Metaspace       used 65485K, capacity 68468K, committed 69400K, reserved 1110016K
  class space    used 7448K, capacity 8504K, committed 8728K, reserved 1048576K
}
Event: 31122.329 GC heap before
{Heap before GC invocations=44 (full 0):
 garbage-first heap   total 131072K, used 47510K [0x0000000780000000, 0x0000000780100400, 0x00000007c0000000)
  region size 1024K, 6 young (6144K), 1 survivors (1024K)
 Metaspace       used 65485K, capacity 68468K, committed 69400K, reserved 1110016K
  class space    used 7448K, capacity 8504K, committed 8728K, reserved 1048576K
Event: 31122.411 GC heap after
Heap after GC invocations=45 (full 0):
 garbage-first heap   total 131072K, used 42252K [0x0000000780000000, 0x0000000780100400, 0x00000007c0000000)
  region size 1024K, 1 young (1024K), 1 survivors (1024K)
 Metaspace       used 65485K, capacity 68468K, committed 69400K, reserved 1110016K
  class space    used 7448K, capacity 8504K, committed 8728K, reserved 1048576K
}
Event: 31513.056 GC heap before
{Heap before GC invocations=45 (full 0):
 garbage-first heap   total 131072K, used 47372K [0x0000000780000000, 0x0000000780100400, 0x00000007c0000000)
  region size 1024K, 6 young (6144K), 1 survivors (1024K)
 Metaspace       used 65485K, capacity 68468K, committed 69400K, reserved 1110016K
  class space    used 7448K, capacity 8504K, committed 8728K, reserved 1048576K
Event: 31513.165 GC heap after
Heap after GC invocations=46 (full 0):
 garbage-first heap   total 131072K, used 41735K [0x0000000780000000, 0x0000000780100400, 0x00000007c0000000)
  region size 1024K, 1 young (1024K), 1 survivors (1024K)
 Metaspace       used 65485K, capacity 68468K, committed 69400K, reserved 1110016K
  class space    used 7448K, capacity 8504K, committed 8728K, reserved 1048576K
}

Deoptimization events (10 events):
Event: 21561.155 Thread 0x00007f81ca3d1000 Uncommon trap: reason=unstable_if action=reinterpret pc=0x0000000117fc94f4 method=java.lang.ref.SoftReference.get()Ljava/lang/Object; @ 6
Event: 23193.623 Thread 0x00007f81cac0e000 Uncommon trap: reason=unstable_if action=reinterpret pc=0x0000000117546d54 method=java.lang.ref.SoftReference.get()Ljava/lang/Object; @ 6
Event: 23193.698 Thread 0x00007f81cac0e000 Uncommon trap: reason=unstable_if action=reinterpret pc=0x000000011700a4f0 method=java.lang.ref.SoftReference.get()Ljava/lang/Object; @ 6
Event: 23193.900 Thread 0x00007f81cb30f000 Uncommon trap: reason=unstable_if action=reinterpret pc=0x0000000116adae60 method=java.lang.ref.SoftReference.get()Ljava/lang/Object; @ 6
Event: 23193.940 Thread 0x00007f81cb30f000 Uncommon trap: reason=class_check action=maybe_recompile pc=0x000000011698ad04 method=java.lang.String.equals(Ljava/lang/Object;)Z @ 8
Event: 23605.310 Thread 0x00007f81ccc11000 Uncommon trap: reason=unstable_if action=reinterpret pc=0x00000001183ff250 method=org.eclipse.jdt.internal.compiler.lookup.AnnotationHolder.setAnnotations([Lorg/eclipse/jdt/internal/compiler/lookup/AnnotationBinding;)Lorg/eclipse/jdt/internal/compiler/loo
Event: 23605.311 Thread 0x00007f81ccc11000 Uncommon trap: reason=unstable_if action=reinterpret pc=0x0000000117999370 method=org.eclipse.jdt.internal.compiler.lookup.AnnotationHolder.setAnnotations([Lorg/eclipse/jdt/internal/compiler/lookup/AnnotationBinding;)Lorg/eclipse/jdt/internal/compiler/loo
Event: 23605.313 Thread 0x00007f81ccc11000 Uncommon trap: reason=unstable_if action=reinterpret pc=0x00000001184a8020 method=org.eclipse.jdt.internal.compiler.lookup.LookupEnvironment.getCachedType([[C)Lorg/eclipse/jdt/internal/compiler/lookup/ReferenceBinding; @ 3
Event: 23615.304 Thread 0x00007f81ca7d7800 Uncommon trap: reason=predicate action=maybe_recompile pc=0x00000001169c8750 method=java.util.concurrent.ConcurrentHashMap$TreeNode.findTreeNode(ILjava/lang/Object;Ljava/lang/Class;)Ljava/util/concurrent/ConcurrentHashMap$TreeNode; @ 7
Event: 23615.305 Thread 0x00007f81ca7d7800 Uncommon trap: reason=unstable_if action=reinterpret pc=0x0000000116ba4de8 method=java.util.concurrent.ConcurrentHashMap.get(Ljava/lang/Object;)Ljava/lang/Object; @ 99

Classes redefined (0 events):
No events

Internal exceptions (10 events):
Event: 18787.778 Thread 0x00007f81cae08000 Exception <a 'java/lang/ArrayIndexOutOfBoundsException'> (0x0000000784dccd38) thrown at [/Users/java_re/workspace/8-2-build-macosx-x86_64/jdk8u172/10810/hotspot/src/share/vm/runtime/sharedRuntime.cpp, line 605]
Event: 21348.351 Thread 0x00007f81ca0ad800 Implicit null exception at 0x000000011729c593 to 0x000000011729d01d
Event: 21351.652 Thread 0x00007f81cdbde000 Implicit null exception at 0x0000000117fd171b to 0x0000000117fd59e1
Event: 21560.977 Thread 0x00007f81ca3d1000 Implicit null exception at 0x0000000116ce37ca to 0x0000000116ce40a1
Event: 21561.154 Thread 0x00007f81ca3d1000 Implicit null exception at 0x0000000117fc75e3 to 0x0000000117fc94e5
Event: 23193.623 Thread 0x00007f81cac0e000 Implicit null exception at 0x000000011754645c to 0x0000000117546d3d
Event: 23193.698 Thread 0x00007f81cac0e000 Implicit null exception at 0x0000000117008b65 to 0x000000011700a4d5
Event: 23605.310 Thread 0x00007f81ccc11000 Implicit null exception at 0x00000001183fe518 to 0x00000001183ff241
Event: 23605.311 Thread 0x00007f81ccc11000 Implicit null exception at 0x0000000117999268 to 0x000000011799935d
Event: 25615.048 Thread 0x00007f81cb622000 Exception <a 'java/lang/ArrayIndexOutOfBoundsException'> (0x00000007877349f8) thrown at [/Users/java_re/workspace/8-2-build-macosx-x86_64/jdk8u172/10810/hotspot/src/share/vm/runtime/sharedRuntime.cpp, line 605]

Events (10 events):
Event: 32162.507 Executing VM operation: BulkRevokeBias
Event: 32162.511 Executing VM operation: BulkRevokeBias done
Event: 32186.716 Executing VM operation: RevokeBias
Event: 32186.716 Executing VM operation: RevokeBias done
Event: 32227.023 Executing VM operation: BulkRevokeBias
Event: 32227.025 Executing VM operation: BulkRevokeBias done
Event: 32291.697 Executing VM operation: BulkRevokeBias
Event: 32291.700 Executing VM operation: BulkRevokeBias done
Event: 32356.642 Executing VM operation: BulkRevokeBias
Event: 32356.649 Executing VM operation: BulkRevokeBias done


Dynamic libraries:

[error occurred during error reporting (printing dynamic libraries), id 0xa]

VM Arguments:
jvm_args: -Declipse.application=org.eclipse.jdt.ls.core.id1 -Dosgi.bundles.defaultStartLevel=4 -Declipse.product=org.eclipse.jdt.ls.core.product -Xverify:none -Xmx1G -XX:+UseG1GC -XX:+UseStringDeduplication 
java_command: /Users/vivekrajpoot/.vscode/extensions/redhat.java-0.29.0/server/plugins/org.eclipse.equinox.launcher_1.5.100.v20180611-1436.jar -configuration /Users/vivekrajpoot/.vscode/extensions/redhat.java-0.29.0/server/config_mac -data /Users/vivekrajpoot/Library/Application Support/Code/User/workspaceStorage/d4a17b5c1ef7b1193e51080d455c5e26/redhat.java/jdt_ws
java_class_path (initial): /Users/vivekrajpoot/.vscode/extensions/redhat.java-0.29.0/server/plugins/org.eclipse.equinox.launcher_1.5.100.v20180611-1436.jar
Launcher Type: SUN_STANDARD

Environment Variables:
PATH=/Users/vivekrajpoot/miniconda3/bin:/usr/local/bin:/usr/bin:/bin:/usr/sbin:/sbin:/Applications/VMware Fusion.app/Contents/Public:/opt/X11/bin:/Users/vivekrajpoot/.nexustools
SHELL=/bin/bash
DISPLAY=/private/tmp/com.apple.launchd.Q4bhOqSwMj/org.macosforge.xquartz:0

Signal Handlers:
SIGSEGV: [libjvm.dylib+0x5b6fd9], sa_mask[0]=11111111011111110111111111111111, sa_flags=SA_ONSTACK|SA_RESTART|SA_SIGINFO
SIGBUS: [libjvm.dylib+0x5b6fd9], sa_mask[0]=11111111011111110111111111111111, sa_flags=SA_RESTART|SA_SIGINFO
SIGFPE: [libjvm.dylib+0x48c8e8], sa_mask[0]=11111111011111110111111111111111, sa_flags=SA_RESTART|SA_SIGINFO
SIGPIPE: [libjvm.dylib+0x48c8e8], sa_mask[0]=11111111011111110111111111111111, sa_flags=SA_RESTART|SA_SIGINFO
SIGXFSZ: [libjvm.dylib+0x48c8e8], sa_mask[0]=11111111011111110111111111111111, sa_flags=SA_RESTART|SA_SIGINFO
SIGILL: [libjvm.dylib+0x48c8e8], sa_mask[0]=11111111011111110111111111111111, sa_flags=SA_RESTART|SA_SIGINFO
SIGUSR1: SIG_DFL, sa_mask[0]=00000000000000000000000000000000, sa_flags=SA_RESTART
SIGUSR2: [libjvm.dylib+0x48c406], sa_mask[0]=00000000000000000000000000000000, sa_flags=SA_RESTART|SA_SIGINFO
SIGHUP: [libjvm.dylib+0x48a9d1], sa_mask[0]=11111111011111110111111111111111, sa_flags=SA_RESTART|SA_SIGINFO
SIGINT: [libjvm.dylib+0x48a9d1], sa_mask[0]=11111111011111110111111111111111, sa_flags=SA_RESTART|SA_SIGINFO
SIGTERM: [libjvm.dylib+0x48a9d1], sa_mask[0]=11111111011111110111111111111111, sa_flags=SA_RESTART|SA_SIGINFO
SIGQUIT: [libjvm.dylib+0x48a9d1], sa_mask[0]=11111111011111110111111111111111, sa_flags=SA_RESTART|SA_SIGINFO


---------------  S Y S T E M  ---------------

OS:Bsduname:Darwin 18.0.0 Darwin Kernel Version 18.0.0: Sun Aug  5 20:59:30 PDT 2018; root:xnu-4903.200.354~13/RELEASE_X86_64 x86_64
rlimit: STACK 8192k, CORE 0k, NPROC 709, NOFILE 10240, AS infinity
load average:12.81 8.76 8.89

CPU:total 4 (initial active 4) (2 cores per cpu, 2 threads per core) family 6 model 61 stepping 4, cmov, cx8, fxsr, mmx, sse, sse2, sse3, ssse3, sse4.1, sse4.2, popcnt, avx, avx2, aes, clmul, erms, rtm, 3dnowpref, lzcnt, ht, tsc, tscinvbit, bmi1, bmi2, adx

Memory: 4k page, physical 8388608k(211260k free)

/proc/meminfo:


vm_info: Java HotSpot(TM) 64-Bit Server VM (25.172-b11) for bsd-amd64 JRE (1.8.0_172-b11), built on Mar 28 2018 15:38:02 by "java_re" with gcc 4.2.1 (Based on Apple Inc. build 5658) (LLVM build 2336.11.00)

time: Sat Aug 25 22:07:01 2018
elapsed time: 32392 seconds (0d 8h 59m 52s)

